\BOOKMARK [0][-]{titlepage.0}{\376\377\134\001\227\142}{}% 1
\BOOKMARK [0][-]{cabstract.0}{\376\377\144\130\211\201}{}% 2
\BOOKMARK [0][-]{eabstract.0}{\376\377\000A\000B\000S\000T\000R\000A\000C\000T}{}% 3
\BOOKMARK [0][-]{contents.0}{\376\377\166\356\137\125}{}% 4
\BOOKMARK [0][-]{chapter.1}{\376\377\136\217\212\000}{}% 5
\BOOKMARK [0][-]{chapter.2}{\376\377\143\007\224\210\122\006\147\220\116\055\166\204\040\034\145\117\141\037\140\047\040\035}{}% 6
\BOOKMARK [1][-]{section.2.1}{\376\377\215\113\120\074\145\271\124\021\140\047}{chapter.2}% 7
\BOOKMARK [1][-]{section.2.2}{\376\377\116\012\116\013\145\207\145\117\141\037\140\047}{chapter.2}% 8
\BOOKMARK [1][-]{section.2.3}{\376\377\130\006\166\204\136\372\152\041\145\271\137\017}{chapter.2}% 9
\BOOKMARK [1][-]{section.2.4}{\376\377\155\101\145\117\141\037\140\047}{chapter.2}% 10
\BOOKMARK [1][-]{section.2.5}{\376\377\127\337\145\117\141\037\140\047}{chapter.2}% 11
\BOOKMARK [1][-]{section.2.6}{\376\377\166\370\121\163\135\345\117\134\140\073\176\323}{chapter.2}% 12
\BOOKMARK [0][-]{chapter.3}{\376\377\116\012\116\013\145\207\060\001\155\101\060\001\130\006\145\117\141\037\143\007\224\210\122\006\147\220\173\227\154\325\000C\000F\000H\000S}{}% 13
\BOOKMARK [1][-]{section.3.1}{\376\377\121\205\133\130\000S\000S\000A\123\330\143\142}{chapter.3}% 14
\BOOKMARK [2][-]{subsection.3.1.1}{\376\377\217\205\122\251\143\007\224\210\122\006\147\220}{section.3.1}% 15
\BOOKMARK [2][-]{subsection.3.1.2}{\376\377\000\050\000\051\121\375\145\160\145\076\177\156}{section.3.1}% 16
\BOOKMARK [2][-]{subsection.3.1.3}{\376\377\217\307\172\013\225\364\121\205\133\130\000S\000S\000A}{section.3.1}% 17
\BOOKMARK [1][-]{section.3.2}{\376\377\134\100\220\350\122\006\147\220\226\066\153\265}{chapter.3}% 18
\BOOKMARK [1][-]{section.3.3}{\376\377\201\352\116\013\200\014\116\012\122\006\147\220\226\066\153\265}{chapter.3}% 19
\BOOKMARK [0][-]{chapter*.11}{\376\377\176\323\213\272}{}% 20
\BOOKMARK [0][-]{appendix.A}{\376\377\121\205\133\130\000S\000S\000A\173\227\154\325\117\052\116\343\170\001}{}% 21
\BOOKMARK [0][-]{appendix*.16}{\376\377\123\302\200\003\145\207\163\056}{}% 22
\BOOKMARK [0][-]{appendix.B}{\376\377\226\104\116\366}{}% 23
\BOOKMARK [0][-]{appendix*.17}{\376\377\201\364\214\042}{}% 24
\BOOKMARK [0][-]{appendix*.18}{\376\377\123\027\116\254\131\047\133\146\133\146\117\115\213\272\145\207\123\237\122\033\140\047\130\360\146\016\124\214\117\177\165\050\143\210\147\103\213\364\146\016}{}% 25
